2022-05-19 07:18:36,532:INFO:PyCaret Supervised Module
2022-05-19 07:18:36,532:INFO:ML Usecase: classification
2022-05-19 07:18:36,532:INFO:version 2.3.10
2022-05-19 07:18:36,532:INFO:Initializing setup()
2022-05-19 07:18:36,532:INFO:setup(target=Purchase, ml_usecase=classification, available_plots={'parameter': 'Hyperparameters', 'auc': 'AUC', 'confusion_matrix': 'Confusion Matrix', 'threshold': 'Threshold', 'pr': 'Precision Recall', 'error': 'Prediction Error', 'class_report': 'Class Report', 'rfe': 'Feature Selection', 'learning': 'Learning Curve', 'manifold': 'Manifold Learning', 'calibration': 'Calibration Curve', 'vc': 'Validation Curve', 'dimension': 'Dimensions', 'feature': 'Feature Importance', 'feature_all': 'Feature Importance (All)', 'boundary': 'Decision Boundary', 'lift': 'Lift Chart', 'gain': 'Gain Chart', 'tree': 'Decision Tree', 'ks': 'KS Statistic Plot'}, train_size=0.7, test_data=None, preprocess=True, imputation_type=simple, iterative_imputation_iters=5, categorical_features=None, categorical_imputation=constant, categorical_iterative_imputer=lightgbm, ordinal_features=None, high_cardinality_features=None, high_cardinality_method=frequency, numeric_features=None, numeric_imputation=mean, numeric_iterative_imputer=lightgbm, date_features=None, ignore_features=None, normalize=False, normalize_method=zscore, transformation=False, transformation_method=yeo-johnson, handle_unknown_categorical=True, unknown_categorical_method=least_frequent, pca=False, pca_method=linear, pca_components=None, ignore_low_variance=False, combine_rare_levels=False, rare_level_threshold=0.1, bin_numeric_features=None, remove_outliers=False, outliers_threshold=0.05, remove_multicollinearity=False, multicollinearity_threshold=0.9, remove_perfect_collinearity=True, create_clusters=False, cluster_iter=20, polynomial_features=False, polynomial_degree=2, trigonometry_features=False, polynomial_threshold=0.1, group_features=None, group_names=None, feature_selection=False, feature_selection_threshold=0.8, feature_selection_method=classic, feature_interaction=False, feature_ratio=False, interaction_threshold=0.01, fix_imbalance=False, fix_imbalance_method=None, transform_target=False, transform_target_method=box-cox, data_split_shuffle=True, data_split_stratify=False, fold_strategy=stratifiedkfold, fold=10, fold_shuffle=False, fold_groups=None, n_jobs=-1, use_gpu=False, custom_pipeline=None, html=True, session_id=None, log_experiment=False, experiment_name=None, experiment_custom_tags=None, log_plots=False, log_profile=False, log_data=False, silent=False, verbose=True, profile=False, profile_kwargs=None, display=None)
2022-05-19 07:18:36,533:INFO:Checking environment
2022-05-19 07:18:36,533:INFO:python_version: 3.7.13
2022-05-19 07:18:36,533:INFO:python_build: ('default', 'Apr 24 2022 01:04:09')
2022-05-19 07:18:36,533:INFO:machine: x86_64
2022-05-19 07:18:36,533:INFO:platform: Linux-5.4.188+-x86_64-with-Ubuntu-18.04-bionic
2022-05-19 07:18:36,533:INFO:Memory: svmem(total=13617745920, available=12259250176, percent=10.0, used=1132077056, free=8527929344, active=1556942848, inactive=3245416448, buffers=131936256, cached=3825803264, shared=1224704, slab=220303360)
2022-05-19 07:18:36,533:INFO:Physical Core: 1
2022-05-19 07:18:36,534:INFO:Logical Core: 2
2022-05-19 07:18:36,534:INFO:Checking libraries
2022-05-19 07:18:36,534:INFO:pd==1.3.5
2022-05-19 07:18:36,534:INFO:numpy==1.19.5
2022-05-19 07:18:36,534:INFO:sklearn==0.23.2
2022-05-19 07:18:36,534:INFO:lightgbm==3.3.2
2022-05-19 07:18:36,535:WARNING:catboost not found
2022-05-19 07:18:36,587:INFO:xgboost==0.90
2022-05-19 07:18:36,588:INFO:mlflow==1.26.0
2022-05-19 07:18:36,588:INFO:Checking Exceptions
2022-05-19 07:18:36,588:INFO:Declaring global variables
2022-05-19 07:18:36,588:INFO:USI: 217d
2022-05-19 07:18:36,588:INFO:pycaret_globals: {'fold_generator', 'USI', 'X_test', 'n_jobs_param', 'create_model_container', '_all_metrics', '_internal_pipeline', '_all_models_internal', '_gpu_n_jobs_param', 'fix_imbalance_method_param', 'X_train', 'html_param', 'seed', 'iterative_imputation_iters_param', 'fold_groups_param_full', 'experiment__', 'transform_target_method_param', 'exp_name_log', 'pycaret_globals', 'gpu_param', 'X', 'log_plots_param', 'data_before_preprocess', 'fold_shuffle_param', 'logging_param', 'master_model_container', 'fix_imbalance_param', 'dashboard_logger', 'y_train', 'y', 'y_test', 'display_container', 'imputation_classifier', 'fold_groups_param', 'prep_pipe', '_ml_usecase', 'fold_param', 'target_param', '_all_models', 'stratify_param', 'imputation_regressor', '_available_plots', 'transform_target_param'}
2022-05-19 07:18:36,588:INFO:Preparing display monitor
2022-05-19 07:18:36,588:INFO:Preparing display monitor
2022-05-19 07:18:36,619:INFO:Importing libraries
2022-05-19 07:18:36,620:INFO:Copying data for preprocessing
2022-05-19 07:18:36,636:INFO:Declaring preprocessing parameters
2022-05-19 07:18:36,642:INFO:Creating preprocessing pipeline
2022-05-19 07:18:36,668:INFO:Preprocessing pipeline created successfully
2022-05-19 07:18:36,675:ERROR:(Process Exit): setup has been interupted with user command 'quit'. setup must rerun.
2022-05-19 07:18:36,676:INFO:Creating global containers
2022-05-19 07:18:36,677:INFO:Internal pipeline: Pipeline(memory=None, steps=[('empty_step', 'passthrough')], verbose=False)
2022-05-19 07:22:28,530:INFO:PyCaret Supervised Module
2022-05-19 07:22:28,530:INFO:ML Usecase: classification
2022-05-19 07:22:28,530:INFO:version 2.3.10
2022-05-19 07:22:28,530:INFO:Initializing setup()
2022-05-19 07:22:28,530:INFO:setup(target=Purchase, ml_usecase=classification, available_plots={'parameter': 'Hyperparameters', 'auc': 'AUC', 'confusion_matrix': 'Confusion Matrix', 'threshold': 'Threshold', 'pr': 'Precision Recall', 'error': 'Prediction Error', 'class_report': 'Class Report', 'rfe': 'Feature Selection', 'learning': 'Learning Curve', 'manifold': 'Manifold Learning', 'calibration': 'Calibration Curve', 'vc': 'Validation Curve', 'dimension': 'Dimensions', 'feature': 'Feature Importance', 'feature_all': 'Feature Importance (All)', 'boundary': 'Decision Boundary', 'lift': 'Lift Chart', 'gain': 'Gain Chart', 'tree': 'Decision Tree', 'ks': 'KS Statistic Plot'}, train_size=0.7, test_data=None, preprocess=True, imputation_type=simple, iterative_imputation_iters=5, categorical_features=None, categorical_imputation=constant, categorical_iterative_imputer=lightgbm, ordinal_features=None, high_cardinality_features=None, high_cardinality_method=frequency, numeric_features=None, numeric_imputation=mean, numeric_iterative_imputer=lightgbm, date_features=None, ignore_features=None, normalize=False, normalize_method=zscore, transformation=False, transformation_method=yeo-johnson, handle_unknown_categorical=True, unknown_categorical_method=least_frequent, pca=False, pca_method=linear, pca_components=None, ignore_low_variance=False, combine_rare_levels=False, rare_level_threshold=0.1, bin_numeric_features=None, remove_outliers=False, outliers_threshold=0.05, remove_multicollinearity=False, multicollinearity_threshold=0.9, remove_perfect_collinearity=True, create_clusters=False, cluster_iter=20, polynomial_features=False, polynomial_degree=2, trigonometry_features=False, polynomial_threshold=0.1, group_features=None, group_names=None, feature_selection=False, feature_selection_threshold=0.8, feature_selection_method=classic, feature_interaction=False, feature_ratio=False, interaction_threshold=0.01, fix_imbalance=False, fix_imbalance_method=None, transform_target=False, transform_target_method=box-cox, data_split_shuffle=True, data_split_stratify=False, fold_strategy=stratifiedkfold, fold=10, fold_shuffle=False, fold_groups=None, n_jobs=-1, use_gpu=False, custom_pipeline=None, html=True, session_id=None, log_experiment=False, experiment_name=None, experiment_custom_tags=None, log_plots=False, log_profile=False, log_data=False, silent=False, verbose=True, profile=False, profile_kwargs=None, display=None)
2022-05-19 07:22:28,531:INFO:Checking environment
2022-05-19 07:22:28,531:INFO:python_version: 3.7.13
2022-05-19 07:22:28,531:INFO:python_build: ('default', 'Apr 24 2022 01:04:09')
2022-05-19 07:22:28,531:INFO:machine: x86_64
2022-05-19 07:22:28,531:INFO:platform: Linux-5.4.188+-x86_64-with-Ubuntu-18.04-bionic
2022-05-19 07:22:28,531:INFO:Memory: svmem(total=13617745920, available=12274307072, percent=9.9, used=1126879232, free=8515411968, active=1542045696, inactive=3269570560, buffers=132276224, cached=3843178496, shared=1224704, slab=223715328)
2022-05-19 07:22:28,532:INFO:Physical Core: 1
2022-05-19 07:22:28,532:INFO:Logical Core: 2
2022-05-19 07:22:28,532:INFO:Checking libraries
2022-05-19 07:22:28,532:INFO:pd==1.3.5
2022-05-19 07:22:28,532:INFO:numpy==1.19.5
2022-05-19 07:22:28,532:INFO:sklearn==0.23.2
2022-05-19 07:22:28,532:INFO:lightgbm==3.3.2
2022-05-19 07:22:28,533:WARNING:catboost not found
2022-05-19 07:22:28,533:INFO:xgboost==0.90
2022-05-19 07:22:28,534:INFO:mlflow==1.26.0
2022-05-19 07:22:28,534:INFO:Checking Exceptions
2022-05-19 07:22:28,534:INFO:Declaring global variables
2022-05-19 07:22:28,534:INFO:USI: 538b
2022-05-19 07:22:28,534:INFO:pycaret_globals: {'fold_generator', 'USI', 'X_test', 'n_jobs_param', 'create_model_container', '_all_metrics', '_internal_pipeline', '_all_models_internal', '_gpu_n_jobs_param', 'fix_imbalance_method_param', 'X_train', 'html_param', 'seed', 'iterative_imputation_iters_param', 'fold_groups_param_full', 'experiment__', 'transform_target_method_param', 'exp_name_log', 'pycaret_globals', 'gpu_param', 'X', 'log_plots_param', 'data_before_preprocess', 'fold_shuffle_param', 'logging_param', 'master_model_container', 'fix_imbalance_param', 'dashboard_logger', 'y_train', 'y', 'y_test', 'display_container', 'imputation_classifier', 'fold_groups_param', 'prep_pipe', '_ml_usecase', 'fold_param', 'target_param', '_all_models', 'stratify_param', 'imputation_regressor', '_available_plots', 'transform_target_param'}
2022-05-19 07:22:28,534:INFO:Preparing display monitor
2022-05-19 07:22:28,535:INFO:Preparing display monitor
2022-05-19 07:22:28,612:INFO:Importing libraries
2022-05-19 07:22:28,612:INFO:Copying data for preprocessing
2022-05-19 07:22:28,645:INFO:Declaring preprocessing parameters
2022-05-19 07:22:28,650:INFO:Creating preprocessing pipeline
2022-05-19 07:22:28,704:INFO:Preprocessing pipeline created successfully
2022-05-19 07:22:28,705:ERROR:(Process Exit): setup has been interupted with user command 'quit'. setup must rerun.
2022-05-19 07:22:28,705:INFO:Creating global containers
2022-05-19 07:22:28,706:INFO:Internal pipeline: Pipeline(memory=None, steps=[('empty_step', 'passthrough')], verbose=False)
2022-05-19 07:22:35,136:WARNING:Wrong xgboost version. Expected xgboost>=1.1.0, got xgboost==0.90
2022-05-19 07:22:35,137:WARNING:Couldn't import catboost.CatBoostClassifier
2022-05-19 07:22:35,226:WARNING:Wrong xgboost version. Expected xgboost>=1.1.0, got xgboost==0.90
2022-05-19 07:22:35,227:WARNING:Couldn't import catboost.CatBoostClassifier
2022-05-19 07:22:35,228:INFO:Creating grid variables
2022-05-19 07:22:35,253:INFO:create_model_container: 0
2022-05-19 07:22:35,253:INFO:master_model_container: 0
2022-05-19 07:22:35,253:INFO:display_container: 1
2022-05-19 07:22:35,261:INFO:Pipeline(memory=None,
         steps=[('dtypes',
                 DataTypes_Auto_infer(categorical_features=[],
                                      display_types=True, features_todrop=[],
                                      id_columns=['Id'],
                                      ml_usecase='classification',
                                      numerical_features=[], target='Purchase',
                                      time_features=[])),
                ('imputer',
                 Simple_Imputer(categorical_strategy='not_available',
                                fill_value_categorical=None,
                                fill_value_numerical=None,
                                numeric...
                ('scaling', 'passthrough'), ('P_transform', 'passthrough'),
                ('binn', 'passthrough'), ('rem_outliers', 'passthrough'),
                ('cluster_all', 'passthrough'),
                ('dummy', Dummify(target='Purchase')),
                ('fix_perfect', Remove_100(target='Purchase')),
                ('clean_names', Clean_Colum_Names()),
                ('feature_select', 'passthrough'), ('fix_multi', 'passthrough'),
                ('dfs', 'passthrough'), ('pca', 'passthrough')],
         verbose=False)
2022-05-19 07:22:35,261:INFO:setup() succesfully completed......................................
2022-05-19 07:22:57,986:INFO:Initializing create_model()
2022-05-19 07:22:57,992:INFO:create_model(estimator=lr, fold=None, round=4, cross_validation=True, predict=True, fit_kwargs=None, groups=None, refit=True, verbose=True, system=True, metrics=None, experiment_custom_tags=None, add_to_model_list=True, probability_threshold=None, display=None, return_train_score=False, kwargs={})
2022-05-19 07:22:57,992:INFO:Checking exceptions
2022-05-19 07:22:57,992:INFO:Preparing display monitor
2022-05-19 07:22:58,077:INFO:Importing libraries
2022-05-19 07:22:58,078:INFO:Copying training dataset
2022-05-19 07:22:58,084:INFO:Defining folds
2022-05-19 07:22:58,084:INFO:Declaring metric variables
2022-05-19 07:22:58,115:INFO:Importing untrained model
2022-05-19 07:22:58,146:INFO:Logistic Regression Imported succesfully
2022-05-19 07:22:58,216:INFO:Starting cross validation
2022-05-19 07:22:58,220:INFO:Cross validating with StratifiedKFold(n_splits=10, random_state=None, shuffle=False), n_jobs=-1
2022-05-19 07:23:02,540:INFO:Calculating mean and std
2022-05-19 07:23:02,542:INFO:Creating metrics dataframe
2022-05-19 07:23:02,569:INFO:Finalizing model
2022-05-19 07:23:02,878:INFO:Uploading results into container
2022-05-19 07:23:02,879:INFO:Uploading model into container now
2022-05-19 07:23:02,900:INFO:create_model_container: 1
2022-05-19 07:23:02,900:INFO:master_model_container: 1
2022-05-19 07:23:02,900:INFO:display_container: 2
2022-05-19 07:23:02,901:INFO:LogisticRegression(C=1.0, class_weight=None, dual=False, fit_intercept=True,
                   intercept_scaling=1, l1_ratio=None, max_iter=1000,
                   multi_class='auto', n_jobs=None, penalty='l2',
                   random_state=1672, solver='lbfgs', tol=0.0001, verbose=0,
                   warm_start=False)
2022-05-19 07:23:02,901:INFO:create_model() succesfully completed......................................
2022-05-19 07:24:39,285:INFO:Initializing get_config()
2022-05-19 07:24:39,285:INFO:get_config(variable=prep_pipe)
2022-05-19 07:24:39,297:INFO:Global variable: prep_pipe returned as Pipeline(memory=None,
         steps=[('dtypes',
                 DataTypes_Auto_infer(categorical_features=[],
                                      display_types=True, features_todrop=[],
                                      id_columns=['Id'],
                                      ml_usecase='classification',
                                      numerical_features=[], target='Purchase',
                                      time_features=[])),
                ('imputer',
                 Simple_Imputer(categorical_strategy='not_available',
                                fill_value_categorical=None,
                                fill_value_numerical=None,
                                numeric...
                ('scaling', 'passthrough'), ('P_transform', 'passthrough'),
                ('binn', 'passthrough'), ('rem_outliers', 'passthrough'),
                ('cluster_all', 'passthrough'),
                ('dummy', Dummify(target='Purchase')),
                ('fix_perfect', Remove_100(target='Purchase')),
                ('clean_names', Clean_Colum_Names()),
                ('feature_select', 'passthrough'), ('fix_multi', 'passthrough'),
                ('dfs', 'passthrough'), ('pca', 'passthrough')],
         verbose=False)
2022-05-19 07:24:39,297:INFO:get_config() succesfully completed......................................
2022-05-19 07:24:39,297:INFO:Initializing get_config()
2022-05-19 07:24:39,297:INFO:get_config(variable=data_before_preprocess)
2022-05-19 07:24:39,325:INFO:Global variable: data_before_preprocess returned as         Id Purchase  WeekofPurchase  StoreID  PriceCH  PriceMM  DiscCH  \
0        1       CH             237        1     1.75     1.99    0.00   
1        2       CH             239        1     1.75     1.99    0.00   
2        3       CH             245        1     1.86     2.09    0.17   
3        4       MM             227        1     1.69     1.69    0.00   
4        5       CH             228        7     1.69     1.69    0.00   
...    ...      ...             ...      ...      ...      ...     ...   
1065  1066       CH             252        7     1.86     2.09    0.10   
1066  1067       CH             256        7     1.86     2.18    0.00   
1067  1068       MM             257        7     1.86     2.18    0.00   
1068  1069       CH             261        7     1.86     2.13    0.00   
1069  1070       CH             270        1     1.86     2.18    0.00   

      DiscMM  SpecialCH  SpecialMM   LoyalCH  SalePriceMM  SalePriceCH  \
0       0.00          0          0  0.500000         1.99         1.75   
1       0.30          0          1  0.600000         1.69         1.75   
2       0.00          0          0  0.680000         2.09         1.69   
3       0.00          0          0  0.400000         1.69         1.69   
4       0.00          0          0  0.956535         1.69         1.69   
...      ...        ...        ...       ...          ...          ...   
1065    0.00          0          0  0.587822         2.09         1.76   
1066    0.00          0          0  0.670258         2.18         1.86   
1067    0.00          0          0  0.736206         2.18         1.86   
1068    0.24          0          0  0.588965         1.89         1.86   
1069    0.00          0          0  0.671172         2.18         1.86   

      PriceDiff Store7  PctDiscMM  PctDiscCH  ListPriceDiff  STORE  
0          0.24     No   0.000000   0.000000           0.24      1  
1         -0.06     No   0.150754   0.000000           0.24      1  
2          0.40     No   0.000000   0.091398           0.23      1  
3          0.00     No   0.000000   0.000000           0.00      1  
4          0.00    Yes   0.000000   0.000000           0.00      0  
...         ...    ...        ...        ...            ...    ...  
1065       0.33    Yes   0.000000   0.053763           0.23      0  
1066       0.32    Yes   0.000000   0.000000           0.32      0  
1067       0.32    Yes   0.000000   0.000000           0.32      0  
1068       0.03    Yes   0.112676   0.000000           0.27      0  
1069       0.32     No   0.000000   0.000000           0.32      1  

[1070 rows x 19 columns]
2022-05-19 07:24:39,325:INFO:get_config() succesfully completed......................................
2022-05-19 07:24:39,329:INFO:Initializing get_config()
2022-05-19 07:24:39,330:INFO:get_config(variable=prep_pipe)
2022-05-19 07:24:39,339:INFO:Global variable: prep_pipe returned as Pipeline(memory=None,
         steps=[('dtypes',
                 DataTypes_Auto_infer(categorical_features=[],
                                      display_types=True, features_todrop=[],
                                      id_columns=['Id'],
                                      ml_usecase='classification',
                                      numerical_features=[], target='Purchase',
                                      time_features=[])),
                ('imputer',
                 Simple_Imputer(categorical_strategy='not_available',
                                fill_value_categorical=None,
                                fill_value_numerical=None,
                                numeric...
                ('scaling', 'passthrough'), ('P_transform', 'passthrough'),
                ('binn', 'passthrough'), ('rem_outliers', 'passthrough'),
                ('cluster_all', 'passthrough'),
                ('dummy', Dummify(target='Purchase')),
                ('fix_perfect', Remove_100(target='Purchase')),
                ('clean_names', Clean_Colum_Names()),
                ('feature_select', 'passthrough'), ('fix_multi', 'passthrough'),
                ('dfs', 'passthrough'), ('pca', 'passthrough')],
         verbose=False)
2022-05-19 07:24:39,339:INFO:get_config() succesfully completed......................................
2022-05-19 07:24:39,339:INFO:Initializing get_config()
2022-05-19 07:24:39,339:INFO:get_config(variable=prep_pipe)
2022-05-19 07:24:39,348:INFO:Global variable: prep_pipe returned as Pipeline(memory=None,
         steps=[('dtypes',
                 DataTypes_Auto_infer(categorical_features=[],
                                      display_types=True, features_todrop=[],
                                      id_columns=['Id'],
                                      ml_usecase='classification',
                                      numerical_features=[], target='Purchase',
                                      time_features=[])),
                ('imputer',
                 Simple_Imputer(categorical_strategy='not_available',
                                fill_value_categorical=None,
                                fill_value_numerical=None,
                                numeric...
                ('scaling', 'passthrough'), ('P_transform', 'passthrough'),
                ('binn', 'passthrough'), ('rem_outliers', 'passthrough'),
                ('cluster_all', 'passthrough'),
                ('dummy', Dummify(target='Purchase')),
                ('fix_perfect', Remove_100(target='Purchase')),
                ('clean_names', Clean_Colum_Names()),
                ('feature_select', 'passthrough'), ('fix_multi', 'passthrough'),
                ('dfs', 'passthrough'), ('pca', 'passthrough')],
         verbose=False)
2022-05-19 07:24:39,348:INFO:get_config() succesfully completed......................................
2022-05-19 07:24:39,348:INFO:Initializing get_config()
2022-05-19 07:24:39,348:INFO:get_config(variable=prep_pipe)
2022-05-19 07:24:39,357:INFO:Global variable: prep_pipe returned as Pipeline(memory=None,
         steps=[('dtypes',
                 DataTypes_Auto_infer(categorical_features=[],
                                      display_types=True, features_todrop=[],
                                      id_columns=['Id'],
                                      ml_usecase='classification',
                                      numerical_features=[], target='Purchase',
                                      time_features=[])),
                ('imputer',
                 Simple_Imputer(categorical_strategy='not_available',
                                fill_value_categorical=None,
                                fill_value_numerical=None,
                                numeric...
                ('scaling', 'passthrough'), ('P_transform', 'passthrough'),
                ('binn', 'passthrough'), ('rem_outliers', 'passthrough'),
                ('cluster_all', 'passthrough'),
                ('dummy', Dummify(target='Purchase')),
                ('fix_perfect', Remove_100(target='Purchase')),
                ('clean_names', Clean_Colum_Names()),
                ('feature_select', 'passthrough'), ('fix_multi', 'passthrough'),
                ('dfs', 'passthrough'), ('pca', 'passthrough')],
         verbose=False)
2022-05-19 07:24:39,358:INFO:get_config() succesfully completed......................................
2022-05-19 07:24:39,368:INFO:Initializing save_model()
2022-05-19 07:24:39,368:INFO:save_model(model=LogisticRegression(C=1.0, class_weight=None, dual=False, fit_intercept=True,
                   intercept_scaling=1, l1_ratio=None, max_iter=1000,
                   multi_class='auto', n_jobs=None, penalty='l2',
                   random_state=1672, solver='lbfgs', tol=0.0001, verbose=0,
                   warm_start=False), model_name=lr_api, prep_pipe_=Pipeline(memory=None,
         steps=[('dtypes',
                 DataTypes_Auto_infer(categorical_features=[],
                                      display_types=True, features_todrop=[],
                                      id_columns=['Id'],
                                      ml_usecase='classification',
                                      numerical_features=[], target='Purchase',
                                      time_features=[])),
                ('imputer',
                 Simple_Imputer(categorical_strategy='not_available',
                                fill_value_categorical=None,
                                fill_value_numerical=None,
                                numeric...
                ('scaling', 'passthrough'), ('P_transform', 'passthrough'),
                ('binn', 'passthrough'), ('rem_outliers', 'passthrough'),
                ('cluster_all', 'passthrough'),
                ('dummy', Dummify(target='Purchase')),
                ('fix_perfect', Remove_100(target='Purchase')),
                ('clean_names', Clean_Colum_Names()),
                ('feature_select', 'passthrough'), ('fix_multi', 'passthrough'),
                ('dfs', 'passthrough'), ('pca', 'passthrough')],
         verbose=False), verbose=False, kwargs={})
2022-05-19 07:24:39,369:INFO:Adding model into prep_pipe
2022-05-19 07:24:39,385:INFO:lr_api.pkl saved in current working directory
2022-05-19 07:24:39,397:INFO:Pipeline(memory=None,
         steps=[('dtypes',
                 DataTypes_Auto_infer(categorical_features=[],
                                      display_types=True, features_todrop=[],
                                      id_columns=['Id'],
                                      ml_usecase='classification',
                                      numerical_features=[], target='Purchase',
                                      time_features=[])),
                ('imputer',
                 Simple_Imputer(categorical_strategy='not_available',
                                fill_value_categorical=None,
                                fill_value_numerical=None,
                                numeric...
                ('feature_select', 'passthrough'), ('fix_multi', 'passthrough'),
                ('dfs', 'passthrough'), ('pca', 'passthrough'),
                ['trained_model',
                 LogisticRegression(C=1.0, class_weight=None, dual=False,
                                    fit_intercept=True, intercept_scaling=1,
                                    l1_ratio=None, max_iter=1000,
                                    multi_class='auto', n_jobs=None,
                                    penalty='l2', random_state=1672,
                                    solver='lbfgs', tol=0.0001, verbose=0,
                                    warm_start=False)]],
         verbose=False)
2022-05-19 07:24:39,397:INFO:save_model() successfully completed......................................
2022-05-19 07:25:01,551:INFO:Initializing load_model()
2022-05-19 07:25:01,551:INFO:load_model(model_name=lr_api, platform=None, authentication=None, verbose=True)
2022-05-19 07:46:44,097:INFO:Initializing load_model()
2022-05-19 07:46:44,097:INFO:load_model(model_name=lr_api, platform=None, authentication=None, verbose=True)
2022-05-19 07:47:30,131:INFO:Initializing load_model()
2022-05-19 07:47:30,132:INFO:load_model(model_name=lr_api, platform=None, authentication=None, verbose=True)
2022-05-19 07:48:32,495:INFO:Initializing load_model()
2022-05-19 07:48:32,496:INFO:load_model(model_name=lr_api, platform=None, authentication=None, verbose=True)
2022-05-19 07:48:53,674:INFO:Initializing load_model()
2022-05-19 07:48:53,675:INFO:load_model(model_name=lr_api, platform=None, authentication=None, verbose=True)
2022-05-19 07:49:24,961:INFO:Initializing load_model()
2022-05-19 07:49:24,961:INFO:load_model(model_name=lr_api, platform=None, authentication=None, verbose=True)
2022-05-19 08:06:41,147:INFO:Initializing load_model()
2022-05-19 08:06:41,148:INFO:load_model(model_name=lr_api, platform=None, authentication=None, verbose=True)
2022-05-19 08:07:18,221:INFO:Initializing load_model()
2022-05-19 08:07:18,222:INFO:load_model(model_name=lr_api, platform=None, authentication=None, verbose=True)
2022-05-19 08:14:34,573:INFO:Initializing load_model()
2022-05-19 08:14:34,573:INFO:load_model(model_name=lr_api, platform=None, authentication=None, verbose=True)
2022-05-19 08:16:29,752:INFO:Initializing load_model()
2022-05-19 08:16:29,752:INFO:load_model(model_name=lr_api, platform=None, authentication=None, verbose=True)
2022-05-19 08:19:00,676:INFO:Initializing load_model()
2022-05-19 08:19:00,676:INFO:load_model(model_name=lr_api, platform=None, authentication=None, verbose=True)
2022-05-19 08:22:35,436:INFO:Initializing predict_model()
2022-05-19 08:22:35,436:INFO:predict_model(estimator=Pipeline(steps=[('dtypes',
                 DataTypes_Auto_infer(id_columns=['Id'],
                                      ml_usecase='classification',
                                      target='Purchase')),
                ('imputer',
                 Simple_Imputer(categorical_strategy='not_available',
                                fill_value_categorical=None,
                                fill_value_numerical=None,
                                numeric_strategy='mean',
                                target_variable=None)),
                ('new_levels1',
                 New_Catagorical_Levels_in_TestData(replacement_strategy='l...
                ('binn', 'passthrough'), ('rem_outliers', 'passthrough'),
                ('cluster_all', 'passthrough'),
                ('dummy', Dummify(target='Purchase')),
                ('fix_perfect', Remove_100(target='Purchase')),
                ('clean_names', Clean_Colum_Names()),
                ('feature_select', 'passthrough'), ('fix_multi', 'passthrough'),
                ('dfs', 'passthrough'), ('pca', 'passthrough'),
                ['trained_model',
                 LogisticRegression(max_iter=1000, random_state=1672)]]), probability_threshold=None, encoded_labels=False, drift_report=False, raw_score=False, round=4, verbose=True, ml_usecase=MLUsecase.CLASSIFICATION, display=None, drift_kwargs=None)
2022-05-19 08:22:35,436:INFO:Checking exceptions
2022-05-19 08:22:35,436:INFO:Preloading libraries
2022-05-19 08:23:06,003:INFO:Initializing predict_model()
2022-05-19 08:23:06,004:INFO:predict_model(estimator=Pipeline(steps=[('dtypes',
                 DataTypes_Auto_infer(id_columns=['Id'],
                                      ml_usecase='classification',
                                      target='Purchase')),
                ('imputer',
                 Simple_Imputer(categorical_strategy='not_available',
                                fill_value_categorical=None,
                                fill_value_numerical=None,
                                numeric_strategy='mean',
                                target_variable=None)),
                ('new_levels1',
                 New_Catagorical_Levels_in_TestData(replacement_strategy='l...
                ('binn', 'passthrough'), ('rem_outliers', 'passthrough'),
                ('cluster_all', 'passthrough'),
                ('dummy', Dummify(target='Purchase')),
                ('fix_perfect', Remove_100(target='Purchase')),
                ('clean_names', Clean_Colum_Names()),
                ('feature_select', 'passthrough'), ('fix_multi', 'passthrough'),
                ('dfs', 'passthrough'), ('pca', 'passthrough'),
                ['trained_model',
                 LogisticRegression(max_iter=1000, random_state=1672)]]), probability_threshold=None, encoded_labels=False, drift_report=False, raw_score=False, round=4, verbose=True, ml_usecase=MLUsecase.CLASSIFICATION, display=None, drift_kwargs=None)
2022-05-19 08:23:06,004:INFO:Checking exceptions
2022-05-19 08:23:06,004:INFO:Preloading libraries
2022-05-19 08:26:26,539:INFO:Initializing get_config()
2022-05-19 08:26:26,539:INFO:get_config(variable=data_before_preprocess)
2022-05-19 08:26:26,555:INFO:Global variable: data_before_preprocess returned as         Id Purchase  WeekofPurchase  StoreID  PriceCH  PriceMM  DiscCH  \
0        1       CH             237        1     1.75     1.99    0.00   
1        2       CH             239        1     1.75     1.99    0.00   
2        3       CH             245        1     1.86     2.09    0.17   
3        4       MM             227        1     1.69     1.69    0.00   
4        5       CH             228        7     1.69     1.69    0.00   
...    ...      ...             ...      ...      ...      ...     ...   
1065  1066       CH             252        7     1.86     2.09    0.10   
1066  1067       CH             256        7     1.86     2.18    0.00   
1067  1068       MM             257        7     1.86     2.18    0.00   
1068  1069       CH             261        7     1.86     2.13    0.00   
1069  1070       CH             270        1     1.86     2.18    0.00   

      DiscMM  SpecialCH  SpecialMM   LoyalCH  SalePriceMM  SalePriceCH  \
0       0.00          0          0  0.500000         1.99         1.75   
1       0.30          0          1  0.600000         1.69         1.75   
2       0.00          0          0  0.680000         2.09         1.69   
3       0.00          0          0  0.400000         1.69         1.69   
4       0.00          0          0  0.956535         1.69         1.69   
...      ...        ...        ...       ...          ...          ...   
1065    0.00          0          0  0.587822         2.09         1.76   
1066    0.00          0          0  0.670258         2.18         1.86   
1067    0.00          0          0  0.736206         2.18         1.86   
1068    0.24          0          0  0.588965         1.89         1.86   
1069    0.00          0          0  0.671172         2.18         1.86   

      PriceDiff Store7  PctDiscMM  PctDiscCH  ListPriceDiff  STORE  
0          0.24     No   0.000000   0.000000           0.24      1  
1         -0.06     No   0.150754   0.000000           0.24      1  
2          0.40     No   0.000000   0.091398           0.23      1  
3          0.00     No   0.000000   0.000000           0.00      1  
4          0.00    Yes   0.000000   0.000000           0.00      0  
...         ...    ...        ...        ...            ...    ...  
1065       0.33    Yes   0.000000   0.053763           0.23      0  
1066       0.32    Yes   0.000000   0.000000           0.32      0  
1067       0.32    Yes   0.000000   0.000000           0.32      0  
1068       0.03    Yes   0.112676   0.000000           0.27      0  
1069       0.32     No   0.000000   0.000000           0.32      1  

[1070 rows x 19 columns]
2022-05-19 08:26:26,556:INFO:get_config() succesfully completed......................................
2022-05-19 08:26:26,556:INFO:Initializing get_config()
2022-05-19 08:26:26,556:INFO:get_config(variable=prep_pipe)
2022-05-19 08:26:26,562:INFO:Global variable: prep_pipe returned as Pipeline(memory=None,
         steps=[('dtypes',
                 DataTypes_Auto_infer(categorical_features=[],
                                      display_types=True, features_todrop=[],
                                      id_columns=['Id'],
                                      ml_usecase='classification',
                                      numerical_features=[], target='Purchase',
                                      time_features=[])),
                ('imputer',
                 Simple_Imputer(categorical_strategy='not_available',
                                fill_value_categorical=None,
                                fill_value_numerical=None,
                                numeric...
                ('scaling', 'passthrough'), ('P_transform', 'passthrough'),
                ('binn', 'passthrough'), ('rem_outliers', 'passthrough'),
                ('cluster_all', 'passthrough'),
                ('dummy', Dummify(target='Purchase')),
                ('fix_perfect', Remove_100(target='Purchase')),
                ('clean_names', Clean_Colum_Names()),
                ('feature_select', 'passthrough'), ('fix_multi', 'passthrough'),
                ('dfs', 'passthrough'), ('pca', 'passthrough')],
         verbose=False)
2022-05-19 08:26:26,562:INFO:get_config() succesfully completed......................................
2022-05-19 08:26:26,562:INFO:Initializing get_config()
2022-05-19 08:26:26,562:INFO:get_config(variable=prep_pipe)
2022-05-19 08:26:26,567:INFO:Global variable: prep_pipe returned as Pipeline(memory=None,
         steps=[('dtypes',
                 DataTypes_Auto_infer(categorical_features=[],
                                      display_types=True, features_todrop=[],
                                      id_columns=['Id'],
                                      ml_usecase='classification',
                                      numerical_features=[], target='Purchase',
                                      time_features=[])),
                ('imputer',
                 Simple_Imputer(categorical_strategy='not_available',
                                fill_value_categorical=None,
                                fill_value_numerical=None,
                                numeric...
                ('scaling', 'passthrough'), ('P_transform', 'passthrough'),
                ('binn', 'passthrough'), ('rem_outliers', 'passthrough'),
                ('cluster_all', 'passthrough'),
                ('dummy', Dummify(target='Purchase')),
                ('fix_perfect', Remove_100(target='Purchase')),
                ('clean_names', Clean_Colum_Names()),
                ('feature_select', 'passthrough'), ('fix_multi', 'passthrough'),
                ('dfs', 'passthrough'), ('pca', 'passthrough')],
         verbose=False)
2022-05-19 08:26:26,567:INFO:get_config() succesfully completed......................................
2022-05-19 08:26:26,567:INFO:Initializing get_config()
2022-05-19 08:26:26,567:INFO:get_config(variable=prep_pipe)
2022-05-19 08:26:26,572:INFO:Global variable: prep_pipe returned as Pipeline(memory=None,
         steps=[('dtypes',
                 DataTypes_Auto_infer(categorical_features=[],
                                      display_types=True, features_todrop=[],
                                      id_columns=['Id'],
                                      ml_usecase='classification',
                                      numerical_features=[], target='Purchase',
                                      time_features=[])),
                ('imputer',
                 Simple_Imputer(categorical_strategy='not_available',
                                fill_value_categorical=None,
                                fill_value_numerical=None,
                                numeric...
                ('scaling', 'passthrough'), ('P_transform', 'passthrough'),
                ('binn', 'passthrough'), ('rem_outliers', 'passthrough'),
                ('cluster_all', 'passthrough'),
                ('dummy', Dummify(target='Purchase')),
                ('fix_perfect', Remove_100(target='Purchase')),
                ('clean_names', Clean_Colum_Names()),
                ('feature_select', 'passthrough'), ('fix_multi', 'passthrough'),
                ('dfs', 'passthrough'), ('pca', 'passthrough')],
         verbose=False)
2022-05-19 08:26:26,572:INFO:get_config() succesfully completed......................................
2022-05-19 08:35:18,454:INFO:Initializing load_model()
2022-05-19 08:35:18,454:INFO:load_model(model_name=lr_api, platform=None, authentication=None, verbose=True)
2022-05-19 08:37:22,358:INFO:Initializing predict_model()
2022-05-19 08:37:22,359:INFO:predict_model(estimator=Pipeline(steps=[('dtypes',
                 DataTypes_Auto_infer(id_columns=['Id'],
                                      ml_usecase='classification',
                                      target='Purchase')),
                ('imputer',
                 Simple_Imputer(categorical_strategy='not_available',
                                fill_value_categorical=None,
                                fill_value_numerical=None,
                                numeric_strategy='mean',
                                target_variable=None)),
                ('new_levels1',
                 New_Catagorical_Levels_in_TestData(replacement_strategy='l...
                ('binn', 'passthrough'), ('rem_outliers', 'passthrough'),
                ('cluster_all', 'passthrough'),
                ('dummy', Dummify(target='Purchase')),
                ('fix_perfect', Remove_100(target='Purchase')),
                ('clean_names', Clean_Colum_Names()),
                ('feature_select', 'passthrough'), ('fix_multi', 'passthrough'),
                ('dfs', 'passthrough'), ('pca', 'passthrough'),
                ['trained_model',
                 LogisticRegression(max_iter=1000, random_state=1672)]]), probability_threshold=None, encoded_labels=False, drift_report=False, raw_score=False, round=4, verbose=True, ml_usecase=MLUsecase.CLASSIFICATION, display=None, drift_kwargs=None)
2022-05-19 08:37:22,359:INFO:Checking exceptions
2022-05-19 08:37:22,359:INFO:Preloading libraries
2022-05-19 08:38:00,615:INFO:Initializing predict_model()
2022-05-19 08:38:00,615:INFO:predict_model(estimator=Pipeline(steps=[('dtypes',
                 DataTypes_Auto_infer(id_columns=['Id'],
                                      ml_usecase='classification',
                                      target='Purchase')),
                ('imputer',
                 Simple_Imputer(categorical_strategy='not_available',
                                fill_value_categorical=None,
                                fill_value_numerical=None,
                                numeric_strategy='mean',
                                target_variable=None)),
                ('new_levels1',
                 New_Catagorical_Levels_in_TestData(replacement_strategy='l...
                ('binn', 'passthrough'), ('rem_outliers', 'passthrough'),
                ('cluster_all', 'passthrough'),
                ('dummy', Dummify(target='Purchase')),
                ('fix_perfect', Remove_100(target='Purchase')),
                ('clean_names', Clean_Colum_Names()),
                ('feature_select', 'passthrough'), ('fix_multi', 'passthrough'),
                ('dfs', 'passthrough'), ('pca', 'passthrough'),
                ['trained_model',
                 LogisticRegression(max_iter=1000, random_state=1672)]]), probability_threshold=None, encoded_labels=False, drift_report=False, raw_score=False, round=4, verbose=True, ml_usecase=MLUsecase.CLASSIFICATION, display=None, drift_kwargs=None)
2022-05-19 08:38:00,615:INFO:Checking exceptions
2022-05-19 08:38:00,615:INFO:Preloading libraries
